<?xml version="1.0" encoding="UTF-8"?>
<testsuite xmlns:xsi="http://www.w3.org/2001/XMLSchema-instance" xsi:noNamespaceSchemaLocation="https://maven.apache.org/surefire/maven-surefire-plugin/xsd/surefire-test-report-3.0.xsd" version="3.0" name="com.cnpm.bookingbackend.BookingBackendApplicationTests" time="4.625" tests="1" errors="0" skipped="0" failures="0">
  <properties>
[...]
</properties>
  <testcase name="contextLoads" classname="com.cnpm.bookingbackend.BookingBackendApplicationTests" time="0.612">
    <system-out><![CDATA[18:34:06.948 [main] INFO org.springframework.test.context.support.AnnotationConfigContextLoaderUtils -- Could not detect default configuration classes for test class [com.cnpm.bookingbackend.BookingBackendApplicationTests]: BookingBackendApplicationTests does not declare any static, non-private, non-final, nested classes annotated with @Configuration.
18:34:07.072 [main] INFO org.springframework.boot.test.context.SpringBootTestContextBootstrapper -- Found @SpringBootConfiguration com.cnpm.bookingbackend.BookingBackendApplication for test class com.cnpm.bookingbackend.BookingBackendApplicationTests
18:34:07.244 [main] INFO org.springframework.boot.devtools.restart.RestartApplicationListener -- Restart disabled due to context in which it is running

  .   ____          _            __ _ _
 /\\ / ___'_ __ _ _(_)_ __  __ _ \ \ \ \
( ( )\___ | '_ | '_| | '_ \/ _` | \ \ \ \
 \\/  ___)| |_)| | | | | || (_| |  ) ) ) )
  '  |____| .__|_| |_|_| |_\__, | / / / /
 =========|_|==============|___/=/_/_/_/
 :: Spring Boot ::                (v3.1.5)

2024-03-07T18:34:07.547+07:00  INFO 6904 --- [           main] c.c.b.BookingBackendApplicationTests     : Starting BookingBackendApplicationTests using Java 20 with PID 6904 (started by KIEN in D:\WORK_SPACE\BookingApp\booking-backend)
2024-03-07T18:34:07.548+07:00  INFO 6904 --- [           main] c.c.b.BookingBackendApplicationTests     : No active profile set, falling back to 1 default profile: "default"
2024-03-07T18:34:08.250+07:00  INFO 6904 --- [           main] .s.d.r.c.RepositoryConfigurationDelegate : Bootstrapping Spring Data MongoDB repositories in DEFAULT mode.
2024-03-07T18:34:08.340+07:00  INFO 6904 --- [           main] .s.d.r.c.RepositoryConfigurationDelegate : Finished Spring Data repository scanning in 85 ms. Found 10 MongoDB repository interfaces.
2024-03-07T18:34:09.075+07:00  INFO 6904 --- [           main] org.mongodb.driver.client                : MongoClient with metadata {"driver": {"name": "mongo-java-driver|sync|spring-boot", "version": "4.9.1"}, "os": {"type": "Windows", "name": "Windows 11", "architecture": "amd64", "version": "10.0"}, "platform": "Java/Oracle Corporation/20+36-2344"} created with settings MongoClientSettings{readPreference=primary, writeConcern=WriteConcern{w=null, wTimeout=null ms, journal=null}, retryWrites=true, retryReads=true, readConcern=ReadConcern{level=null}, credential=MongoCredential{mechanism=null, userName='nmcnpmgroup11', source='admin', password=<hidden>, mechanismProperties=<hidden>}, streamFactoryFactory=null, commandListeners=[], codecRegistry=ProvidersCodecRegistry{codecProviders=[ValueCodecProvider{}, BsonValueCodecProvider{}, DBRefCodecProvider{}, DBObjectCodecProvider{}, DocumentCodecProvider{}, CollectionCodecProvider{}, IterableCodecProvider{}, MapCodecProvider{}, GeoJsonCodecProvider{}, GridFSFileCodecProvider{}, Jsr310CodecProvider{}, JsonObjectCodecProvider{}, BsonCodecProvider{}, EnumCodecProvider{}, com.mongodb.client.model.mql.ExpressionCodecProvider@1eca3ea7, com.mongodb.Jep395RecordCodecProvider@24fba488]}, loggerSettings=LoggerSettings{maxDocumentLength=1000}, clusterSettings={hosts=[127.0.0.1:27017], srvHost=cluster0.qvae6ue.mongodb.net, srvServiceName=mongodb, mode=MULTIPLE, requiredClusterType=REPLICA_SET, requiredReplicaSetName='atlas-jazy69-shard-0', serverSelector='null', clusterListeners='[]', serverSelectionTimeout='30000 ms', localThreshold='30000 ms'}, socketSettings=SocketSettings{connectTimeoutMS=10000, readTimeoutMS=0, receiveBufferSize=0, sendBufferSize=0}, heartbeatSocketSettings=SocketSettings{connectTimeoutMS=10000, readTimeoutMS=10000, receiveBufferSize=0, sendBufferSize=0}, connectionPoolSettings=ConnectionPoolSettings{maxSize=100, minSize=0, maxWaitTimeMS=120000, maxConnectionLifeTimeMS=0, maxConnectionIdleTimeMS=0, maintenanceInitialDelayMS=0, maintenanceFrequencyMS=60000, connectionPoolListeners=[], maxConnecting=2}, serverSettings=ServerSettings{heartbeatFrequencyMS=10000, minHeartbeatFrequencyMS=500, serverListeners='[]', serverMonitorListeners='[]'}, sslSettings=SslSettings{enabled=true, invalidHostNameAllowed=false, context=null}, applicationName='null', compressorList=[], uuidRepresentation=JAVA_LEGACY, serverApi=null, autoEncryptionSettings=null, contextProvider=null}
2024-03-07T18:34:09.203+07:00  INFO 6904 --- [6ue.mongodb.net] org.mongodb.driver.cluster               : Adding discovered server ac-ivcqaff-shard-00-02.qvae6ue.mongodb.net:27017 to client view of cluster
2024-03-07T18:34:09.228+07:00  INFO 6904 --- [6ue.mongodb.net] org.mongodb.driver.cluster               : Adding discovered server ac-ivcqaff-shard-00-00.qvae6ue.mongodb.net:27017 to client view of cluster
2024-03-07T18:34:09.230+07:00  INFO 6904 --- [6ue.mongodb.net] org.mongodb.driver.cluster               : Adding discovered server ac-ivcqaff-shard-00-01.qvae6ue.mongodb.net:27017 to client view of cluster
2024-03-07T18:34:10.012+07:00  INFO 6904 --- [ngodb.net:27017] org.mongodb.driver.cluster               : Monitor thread successfully connected to server with description ServerDescription{address=ac-ivcqaff-shard-00-02.qvae6ue.mongodb.net:27017, type=REPLICA_SET_PRIMARY, state=CONNECTED, ok=true, minWireVersion=0, maxWireVersion=21, maxDocumentSize=16777216, logicalSessionTimeoutMinutes=30, roundTripTimeNanos=294962900, setName='atlas-jazy69-shard-0', canonicalAddress=ac-ivcqaff-shard-00-02.qvae6ue.mongodb.net:27017, hosts=[ac-ivcqaff-shard-00-00.qvae6ue.mongodb.net:27017, ac-ivcqaff-shard-00-02.qvae6ue.mongodb.net:27017, ac-ivcqaff-shard-00-01.qvae6ue.mongodb.net:27017], passives=[], arbiters=[], primary='ac-ivcqaff-shard-00-02.qvae6ue.mongodb.net:27017', tagSet=TagSet{[Tag{name='availabilityZone', value='apse1-az3'}, Tag{name='diskState', value='READY'}, Tag{name='nodeType', value='ELECTABLE'}, Tag{name='provider', value='AWS'}, Tag{name='region', value='AP_SOUTHEAST_1'}, Tag{name='workloadType', value='OPERATIONAL'}]}, electionId=7fffffff00000000000002ee, setVersion=10, topologyVersion=TopologyVersion{processId=65e8b409c73098a4bfdd1449, counter=7}, lastWriteDate=Thu Mar 07 18:34:10 ICT 2024, lastUpdateTimeNanos=432730035437400}
2024-03-07T18:34:10.012+07:00  INFO 6904 --- [ngodb.net:27017] org.mongodb.driver.cluster               : Monitor thread successfully connected to server with description ServerDescription{address=ac-ivcqaff-shard-00-01.qvae6ue.mongodb.net:27017, type=REPLICA_SET_SECONDARY, state=CONNECTED, ok=true, minWireVersion=0, maxWireVersion=21, maxDocumentSize=16777216, logicalSessionTimeoutMinutes=30, roundTripTimeNanos=326651800, setName='atlas-jazy69-shard-0', canonicalAddress=ac-ivcqaff-shard-00-01.qvae6ue.mongodb.net:27017, hosts=[ac-ivcqaff-shard-00-00.qvae6ue.mongodb.net:27017, ac-ivcqaff-shard-00-02.qvae6ue.mongodb.net:27017, ac-ivcqaff-shard-00-01.qvae6ue.mongodb.net:27017], passives=[], arbiters=[], primary='ac-ivcqaff-shard-00-02.qvae6ue.mongodb.net:27017', tagSet=TagSet{[Tag{name='availabilityZone', value='apse1-az1'}, Tag{name='diskState', value='READY'}, Tag{name='nodeType', value='ELECTABLE'}, Tag{name='provider', value='AWS'}, Tag{name='region', value='AP_SOUTHEAST_1'}, Tag{name='workloadType', value='OPERATIONAL'}]}, electionId=null, setVersion=10, topologyVersion=TopologyVersion{processId=65e8b46b21d0879ca311b54c, counter=4}, lastWriteDate=Thu Mar 07 18:34:10 ICT 2024, lastUpdateTimeNanos=432730035437400}
2024-03-07T18:34:10.012+07:00  INFO 6904 --- [ngodb.net:27017] org.mongodb.driver.cluster               : Monitor thread successfully connected to server with description ServerDescription{address=ac-ivcqaff-shard-00-00.qvae6ue.mongodb.net:27017, type=REPLICA_SET_SECONDARY, state=CONNECTED, ok=true, minWireVersion=0, maxWireVersion=21, maxDocumentSize=16777216, logicalSessionTimeoutMinutes=30, roundTripTimeNanos=326651600, setName='atlas-jazy69-shard-0', canonicalAddress=ac-ivcqaff-shard-00-00.qvae6ue.mongodb.net:27017, hosts=[ac-ivcqaff-shard-00-00.qvae6ue.mongodb.net:27017, ac-ivcqaff-shard-00-02.qvae6ue.mongodb.net:27017, ac-ivcqaff-shard-00-01.qvae6ue.mongodb.net:27017], passives=[], arbiters=[], primary='ac-ivcqaff-shard-00-02.qvae6ue.mongodb.net:27017', tagSet=TagSet{[Tag{name='availabilityZone', value='apse1-az2'}, Tag{name='diskState', value='READY'}, Tag{name='nodeType', value='ELECTABLE'}, Tag{name='provider', value='AWS'}, Tag{name='region', value='AP_SOUTHEAST_1'}, Tag{name='workloadType', value='OPERATIONAL'}]}, electionId=null, setVersion=10, topologyVersion=TopologyVersion{processId=65e8b3a58de7c9c90e72865c, counter=5}, lastWriteDate=Thu Mar 07 18:34:10 ICT 2024, lastUpdateTimeNanos=432730035437400}
2024-03-07T18:34:10.015+07:00  INFO 6904 --- [ngodb.net:27017] org.mongodb.driver.cluster               : Discovered replica set primary ac-ivcqaff-shard-00-02.qvae6ue.mongodb.net:27017 with max election id 7fffffff00000000000002ee and max set version 10
2024-03-07T18:34:10.292+07:00  INFO 6904 --- [           main] o.s.s.web.DefaultSecurityFilterChain     : Will secure any request with [org.springframework.security.web.session.DisableEncodeUrlFilter@70169464, org.springframework.security.web.context.request.async.WebAsyncManagerIntegrationFilter@1115be8c, org.springframework.security.web.context.SecurityContextHolderFilter@416c8bb5, org.springframework.security.web.header.HeaderWriterFilter@72a33316, org.springframework.security.web.authentication.logout.LogoutFilter@526893f, org.springframework.security.oauth2.client.web.OAuth2AuthorizationRequestRedirectFilter@4ca5cb99, org.springframework.security.oauth2.client.web.OAuth2LoginAuthenticationFilter@7853363c, com.cnpm.bookingbackend.security.jwt.JwtAuthenticationFilter@64ed18ec, org.springframework.security.web.savedrequest.RequestCacheAwareFilter@e994ca, org.springframework.security.web.servletapi.SecurityContextHolderAwareRequestFilter@7fb44737, org.springframework.security.web.authentication.AnonymousAuthenticationFilter@1dfcf85a, org.springframework.security.web.session.SessionManagementFilter@77204651, org.springframework.security.web.access.ExceptionTranslationFilter@6b0325d0, org.springframework.security.web.access.intercept.AuthorizationFilter@70f5f59d]
2024-03-07T18:34:10.803+07:00  INFO 6904 --- [           main] c.c.b.BookingBackendApplicationTests     : Started BookingBackendApplicationTests in 3.595 seconds (process running for 4.479)
]]></system-out>
  </testcase>
</testsuite>